<?xml version="1.0" encoding="UTF-8"?>
<testng-results ignored="0" total="1" passed="1" failed="0" skipped="0">
  <reporter-output>
  </reporter-output>
  <suite started-at="2023-05-22T15:35:55 IST" name="Surefire suite" finished-at="2023-05-22T15:36:55 IST" duration-ms="59990">
    <groups>
      <group name="cucumber">
        <method signature="AbstractTestNGCucumberTests.runScenario(io.cucumber.testng.PickleWrapper,io.cucumber.testng.FeatureWrapper)[pri:0, instance:TestLauncher.TestRunner@5dcb4f5f]" name="runScenario" class="io.cucumber.testng.AbstractTestNGCucumberTests"/>
      </group> <!-- cucumber -->
    </groups>
    <test started-at="2023-05-22T15:35:55 IST" name="Surefire test" finished-at="2023-05-22T15:36:55 IST" duration-ms="59990">
      <class name="TestLauncher.TestRunner">
        <test-method is-config="true" signature="setUpClass(org.testng.ITestContext)[pri:0, instance:TestLauncher.TestRunner@5dcb4f5f]" started-at="2023-05-22T15:35:55 IST" name="setUpClass" finished-at="2023-05-22T15:35:55 IST" duration-ms="508" status="PASS">
          <params>
            <param index="0">
              <value>
                <![CDATA[org.testng.TestRunner@5e2b512b]]>
              </value>
            </param>
          </params>
          <reporter-output>
          </reporter-output>
        </test-method> <!-- setUpClass -->
        <test-method signature="runScenario(io.cucumber.testng.PickleWrapper,io.cucumber.testng.FeatureWrapper)[pri:0, instance:TestLauncher.TestRunner@5dcb4f5f]" started-at="2023-05-22T15:35:55 IST" name="runScenario" description="Runs Cucumber Scenarios" data-provider="scenarios" finished-at="2023-05-22T15:36:54 IST" duration-ms="58181" status="PASS">
          <params>
            <param index="0">
              <value>
                <![CDATA["TC_002_SauceDemo"]]>
              </value>
            </param>
            <param index="1">
              <value>
                <![CDATA["SaucesDemo TestCase"]]>
              </value>
            </param>
          </params>
          <reporter-output>
          </reporter-output>
        </test-method> <!-- runScenario -->
        <test-method is-config="true" signature="tearDownClass()[pri:0, instance:TestLauncher.TestRunner@5dcb4f5f]" started-at="2023-05-22T15:36:54 IST" name="tearDownClass" finished-at="2023-05-22T15:36:55 IST" duration-ms="1257" status="PASS">
          <reporter-output>
          </reporter-output>
        </test-method> <!-- tearDownClass -->
      </class> <!-- TestLauncher.TestRunner -->
    </test> <!-- Surefire test -->
  </suite> <!-- Surefire suite -->
</testng-results>
