<?xml version="1.0" encoding="UTF-8"?>
<testng-results ignored="0" total="2" passed="2" failed="0" skipped="0">
  <reporter-output>
  </reporter-output>
  <suite started-at="2023-05-25T12:20:14 IST" name="Default suite" finished-at="2023-05-25T12:29:23 IST" duration-ms="549632">
    <groups>
      <group name="cucumber">
        <method signature="AbstractTestNGCucumberTests.runScenario(io.cucumber.testng.PickleWrapper,io.cucumber.testng.FeatureWrapper)[pri:0, instance:TestLauncher.TestRunner@766653e6]" name="runScenario" class="io.cucumber.testng.AbstractTestNGCucumberTests"/>
      </group> <!-- cucumber -->
    </groups>
    <test started-at="2023-05-25T12:20:14 IST" name="Default test" finished-at="2023-05-25T12:29:23 IST" duration-ms="549632">
      <class name="TestLauncher.TestRunner">
        <test-method is-config="true" signature="setUpClass(org.testng.ITestContext)[pri:0, instance:TestLauncher.TestRunner@766653e6]" started-at="2023-05-25T12:20:14 IST" name="setUpClass" finished-at="2023-05-25T12:20:14 IST" duration-ms="502" status="PASS">
          <params>
            <param index="0">
              <value>
                <![CDATA[org.testng.TestRunner@331ad6eb]]>
              </value>
            </param>
          </params>
          <reporter-output>
          </reporter-output>
        </test-method> <!-- setUpClass -->
        <test-method signature="runScenario(io.cucumber.testng.PickleWrapper,io.cucumber.testng.FeatureWrapper)[pri:0, instance:TestLauncher.TestRunner@766653e6]" started-at="2023-05-25T12:20:14 IST" name="runScenario" description="Runs Cucumber Scenarios" data-provider="scenarios" finished-at="2023-05-25T12:26:15 IST" duration-ms="361287" status="PASS">
          <params>
            <param index="0">
              <value>
                <![CDATA["TC_001_LoginDemo_Positive"]]>
              </value>
            </param>
            <param index="1">
              <value>
                <![CDATA["SaucesMobileDemo TestCase"]]>
              </value>
            </param>
          </params>
          <reporter-output>
          </reporter-output>
        </test-method> <!-- runScenario -->
        <test-method signature="runScenario(io.cucumber.testng.PickleWrapper,io.cucumber.testng.FeatureWrapper)[pri:0, instance:TestLauncher.TestRunner@766653e6]" started-at="2023-05-25T12:26:15 IST" name="runScenario" description="Runs Cucumber Scenarios" data-provider="scenarios" finished-at="2023-05-25T12:29:22 IST" duration-ms="186581" status="PASS">
          <params>
            <param index="0">
              <value>
                <![CDATA["TC_002_LoginDemo_Negative"]]>
              </value>
            </param>
            <param index="1">
              <value>
                <![CDATA["SaucesMobileDemo TestCase"]]>
              </value>
            </param>
          </params>
          <reporter-output>
          </reporter-output>
        </test-method> <!-- runScenario -->
        <test-method is-config="true" signature="tearDownClass()[pri:0, instance:TestLauncher.TestRunner@766653e6]" started-at="2023-05-25T12:29:22 IST" name="tearDownClass" finished-at="2023-05-25T12:29:23 IST" duration-ms="1194" status="PASS">
          <reporter-output>
          </reporter-output>
        </test-method> <!-- tearDownClass -->
      </class> <!-- TestLauncher.TestRunner -->
    </test> <!-- Default test -->
  </suite> <!-- Default suite -->
</testng-results>
